<?xml version="1.0" encoding="UTF-8"?>
<testng-results ignored="0" total="1" passed="0" failed="1" skipped="0">
  <reporter-output>
  </reporter-output>
  <suite started-at="2023-10-31T19:37:05 CET" name="Default suite" finished-at="2023-10-31T19:37:31 CET" duration-ms="25910">
    <groups>
    </groups>
    <test started-at="2023-10-31T19:37:05 CET" name="Default test" finished-at="2023-10-31T19:37:31 CET" duration-ms="25910">
      <class name="my.RunWebApplication">
        <test-method signature="OpenWebApplication()[pri:0, instance:my.RunWebApplication@78e117e3]" started-at="2023-10-31T19:37:05 CET" name="OpenWebApplication" finished-at="2023-10-31T19:37:31 CET" duration-ms="25836" status="FAIL">
          <exception class="org.openqa.selenium.SessionNotCreatedException">
            <message>
              <![CDATA[Unable to create a new remote session. Please check the server log for more details. Original error: An unknown server-side error occurred while processing the command. Original error: Failed to start Chromedriver session: A new session could not be created. Details: [object Object] session not created: This version of ChromeDriver only supports Chrome version 114
Current browser version is 69.0.3497.100 with package name com.android.chrome
  (Driver info: chromedriver=114.0.5735.90 (386bc09e8f4f2e025eddae123f36f6263096ae49-refs/branch-heads/5735@{#1052}),platform=Windows NT 10.0.19045 x86_64)
Build info: version: '3.141.59', revision: 'e82be7d358', time: '2018-11-14T08:17:03'
System info: host: 'TALAN-11UE63J', ip: '10.70.0.172', os.name: 'Windows 10', os.arch: 'amd64', os.version: '10.0', java.version: '21.0.1'
Driver info: driver.version: AndroidDriver
remote stacktrace: UnknownError: An unknown server-side error occurred while processing the command. Original error: Failed to start Chromedriver session: A new session could not be created. Details: [object Object] session not created: This version of ChromeDriver only supports Chrome version 114
Current browser version is 69.0.3497.100 with package name com.android.chrome
  (Driver info: chromedriver=114.0.5735.90 (386bc09e8f4f2e025eddae123f36f6263096ae49-refs/branch-heads/5735@{#1052}),platform=Windows NT 10.0.19045 x86_64)
    at getResponseForW3CError (C:\Users\dothmen\AppData\Local\Programs\Appium\resources\app\node_modules\appium\node_modules\appium-base-driver\lib\protocol\errors.js:826:9)
    at asyncHandler$ (C:\Users\dothmen\AppData\Local\Programs\Appium\resources\app\node_modules\appium\node_modules\appium-base-driver\lib\protocol\protocol.js:404:37)
    at tryCatch (C:\Users\dothmen\AppData\Local\Programs\Appium\resources\app\node_modules\appium\node_modules\babel-runtime\regenerator\runtime.js:67:40)
    at GeneratorFunctionPrototype.invoke [as _invoke] (C:\Users\dothmen\AppData\Local\Programs\Appium\resources\app\node_modules\appium\node_modules\babel-runtime\regenerator\runtime.js:315:22)
    at GeneratorFunctionPrototype.prototype.(anonymous function) [as next] (C:\Users\dothmen\AppData\Local\Programs\Appium\resources\app\node_modules\appium\node_modules\babel-runtime\regenerator\runtime.js:100:21)
    at GeneratorFunctionPrototype.invoke (C:\Users\dothmen\AppData\Local\Programs\Appium\resources\app\node_modules\appium\node_modules\babel-runtime\regenerator\runtime.js:136:37)
    at run (C:\Users\dothmen\AppData\Local\Programs\Appium\resources\app\webpack:\~\babel-polyfill\~\core-js\modules\es6.promise.js:75:1)
    at C:\Users\dothmen\AppData\Local\Programs\Appium\resources\app\webpack:\~\babel-polyfill\~\core-js\modules\es6.promise.js:92:1
    at flush (C:\Users\dothmen\AppData\Local\Programs\Appium\resources\app\webpack:\~\babel-polyfill\~\core-js\modules\_microtask.js:18:1)
    at process._tickCallback (internal/process/next_tick.js:61:11)
Build info: version: '3.141.59', revision: 'e82be7d358', time: '2018-11-14T08:17:03'
System info: host: 'TALAN-11UE63J', ip: '10.70.0.172', os.name: 'Windows 10', os.arch: 'amd64', os.version: '10.0', java.version: '21.0.1'
Driver info: driver.version: AndroidDriver]]>
            </message>
            <full-stacktrace>
              <![CDATA[org.openqa.selenium.SessionNotCreatedException: Unable to create a new remote session. Please check the server log for more details. Original error: An unknown server-side error occurred while processing the command. Original error: Failed to start Chromedriver session: A new session could not be created. Details: [object Object] session not created: This version of ChromeDriver only supports Chrome version 114
Current browser version is 69.0.3497.100 with package name com.android.chrome
  (Driver info: chromedriver=114.0.5735.90 (386bc09e8f4f2e025eddae123f36f6263096ae49-refs/branch-heads/5735@{#1052}),platform=Windows NT 10.0.19045 x86_64)
Build info: version: '3.141.59', revision: 'e82be7d358', time: '2018-11-14T08:17:03'
System info: host: 'TALAN-11UE63J', ip: '10.70.0.172', os.name: 'Windows 10', os.arch: 'amd64', os.version: '10.0', java.version: '21.0.1'
Driver info: driver.version: AndroidDriver
remote stacktrace: UnknownError: An unknown server-side error occurred while processing the command. Original error: Failed to start Chromedriver session: A new session could not be created. Details: [object Object] session not created: This version of ChromeDriver only supports Chrome version 114
Current browser version is 69.0.3497.100 with package name com.android.chrome
  (Driver info: chromedriver=114.0.5735.90 (386bc09e8f4f2e025eddae123f36f6263096ae49-refs/branch-heads/5735@{#1052}),platform=Windows NT 10.0.19045 x86_64)
    at getResponseForW3CError (C:\Users\dothmen\AppData\Local\Programs\Appium\resources\app\node_modules\appium\node_modules\appium-base-driver\lib\protocol\errors.js:826:9)
    at asyncHandler$ (C:\Users\dothmen\AppData\Local\Programs\Appium\resources\app\node_modules\appium\node_modules\appium-base-driver\lib\protocol\protocol.js:404:37)
    at tryCatch (C:\Users\dothmen\AppData\Local\Programs\Appium\resources\app\node_modules\appium\node_modules\babel-runtime\regenerator\runtime.js:67:40)
    at GeneratorFunctionPrototype.invoke [as _invoke] (C:\Users\dothmen\AppData\Local\Programs\Appium\resources\app\node_modules\appium\node_modules\babel-runtime\regenerator\runtime.js:315:22)
    at GeneratorFunctionPrototype.prototype.(anonymous function) [as next] (C:\Users\dothmen\AppData\Local\Programs\Appium\resources\app\node_modules\appium\node_modules\babel-runtime\regenerator\runtime.js:100:21)
    at GeneratorFunctionPrototype.invoke (C:\Users\dothmen\AppData\Local\Programs\Appium\resources\app\node_modules\appium\node_modules\babel-runtime\regenerator\runtime.js:136:37)
    at run (C:\Users\dothmen\AppData\Local\Programs\Appium\resources\app\webpack:\~\babel-polyfill\~\core-js\modules\es6.promise.js:75:1)
    at C:\Users\dothmen\AppData\Local\Programs\Appium\resources\app\webpack:\~\babel-polyfill\~\core-js\modules\es6.promise.js:92:1
    at flush (C:\Users\dothmen\AppData\Local\Programs\Appium\resources\app\webpack:\~\babel-polyfill\~\core-js\modules\_microtask.js:18:1)
    at process._tickCallback (internal/process/next_tick.js:61:11)
Build info: version: '3.141.59', revision: 'e82be7d358', time: '2018-11-14T08:17:03'
System info: host: 'TALAN-11UE63J', ip: '10.70.0.172', os.name: 'Windows 10', os.arch: 'amd64', os.version: '10.0', java.version: '21.0.1'
Driver info: driver.version: AndroidDriver
at io.appium.java_client.remote.AppiumCommandExecutor$1.createSession(AppiumCommandExecutor.java:208)
at io.appium.java_client.remote.AppiumCommandExecutor.createSession(AppiumCommandExecutor.java:217)
at io.appium.java_client.remote.AppiumCommandExecutor.execute(AppiumCommandExecutor.java:239)
at org.openqa.selenium.remote.RemoteWebDriver.execute(RemoteWebDriver.java:552)
at io.appium.java_client.DefaultGenericMobileDriver.execute(DefaultGenericMobileDriver.java:41)
at io.appium.java_client.AppiumDriver.execute(AppiumDriver.java:1)
at io.appium.java_client.android.AndroidDriver.execute(AndroidDriver.java:1)
at org.openqa.selenium.remote.RemoteWebDriver.startSession(RemoteWebDriver.java:213)
at io.appium.java_client.AppiumDriver.startSession(AppiumDriver.java:336)
at org.openqa.selenium.remote.RemoteWebDriver.<init>(RemoteWebDriver.java:131)
at io.appium.java_client.DefaultGenericMobileDriver.<init>(DefaultGenericMobileDriver.java:37)
at io.appium.java_client.AppiumDriver.<init>(AppiumDriver.java:88)
at io.appium.java_client.AppiumDriver.<init>(AppiumDriver.java:98)
at io.appium.java_client.android.AndroidDriver.<init>(AndroidDriver.java:94)
at my.RunWebApplication.OpenWebApplication(RunWebApplication.java:23)
at java.base/jdk.internal.reflect.DirectMethodHandleAccessor.invoke(DirectMethodHandleAccessor.java:103)
at java.base/java.lang.reflect.Method.invoke(Method.java:580)
at org.testng.internal.MethodInvocationHelper.invokeMethod(MethodInvocationHelper.java:134)
at org.testng.internal.TestInvoker.invokeMethod(TestInvoker.java:597)
at org.testng.internal.TestInvoker.invokeTestMethod(TestInvoker.java:173)
at org.testng.internal.MethodRunner.runInSequence(MethodRunner.java:46)
at org.testng.internal.TestInvoker$MethodInvocationAgent.invoke(TestInvoker.java:816)
at org.testng.internal.TestInvoker.invokeTestMethods(TestInvoker.java:146)
at org.testng.internal.TestMethodWorker.invokeTestMethods(TestMethodWorker.java:146)
at org.testng.internal.TestMethodWorker.run(TestMethodWorker.java:128)
at java.base/java.util.ArrayList.forEach(ArrayList.java:1596)
at org.testng.TestRunner.privateRun(TestRunner.java:766)
at org.testng.TestRunner.run(TestRunner.java:587)
at org.testng.SuiteRunner.runTest(SuiteRunner.java:384)
at org.testng.SuiteRunner.runSequentially(SuiteRunner.java:378)
at org.testng.SuiteRunner.privateRun(SuiteRunner.java:337)
at org.testng.SuiteRunner.run(SuiteRunner.java:286)
at org.testng.SuiteRunnerWorker.runSuite(SuiteRunnerWorker.java:53)
at org.testng.SuiteRunnerWorker.run(SuiteRunnerWorker.java:96)
at org.testng.TestNG.runSuitesSequentially(TestNG.java:1187)
at org.testng.TestNG.runSuitesLocally(TestNG.java:1109)
at org.testng.TestNG.runSuites(TestNG.java:1039)
at org.testng.TestNG.run(TestNG.java:1007)
at org.testng.remote.AbstractRemoteTestNG.run(AbstractRemoteTestNG.java:115)
at org.testng.remote.RemoteTestNG.initAndRun(RemoteTestNG.java:251)
at org.testng.remote.RemoteTestNG.main(RemoteTestNG.java:77)
Caused by: java.lang.reflect.InvocationTargetException
at java.base/jdk.internal.reflect.DirectMethodHandleAccessor.invoke(DirectMethodHandleAccessor.java:118)
at java.base/java.lang.reflect.Method.invoke(Method.java:580)
at io.appium.java_client.remote.AppiumCommandExecutor$1.createSession(AppiumCommandExecutor.java:186)
... 40 more
Caused by: org.openqa.selenium.WebDriverException: An unknown server-side error occurred while processing the command. Original error: Failed to start Chromedriver session: A new session could not be created. Details: [object Object] session not created: This version of ChromeDriver only supports Chrome version 114
Current browser version is 69.0.3497.100 with package name com.android.chrome
  (Driver info: chromedriver=114.0.5735.90 (386bc09e8f4f2e025eddae123f36f6263096ae49-refs/branch-heads/5735@{#1052}),platform=Windows NT 10.0.19045 x86_64)
Build info: version: '3.141.59', revision: 'e82be7d358', time: '2018-11-14T08:17:03'
System info: host: 'TALAN-11UE63J', ip: '10.70.0.172', os.name: 'Windows 10', os.arch: 'amd64', os.version: '10.0', java.version: '21.0.1'
Driver info: driver.version: AndroidDriver
remote stacktrace: UnknownError: An unknown server-side error occurred while processing the command. Original error: Failed to start Chromedriver session: A new session could not be created. Details: [object Object] session not created: This version of ChromeDriver only supports Chrome version 114
Current browser version is 69.0.3497.100 with package name com.android.chrome
  (Driver info: chromedriver=114.0.5735.90 (386bc09e8f4f2e025eddae123f36f6263096ae49-refs/branch-heads/5735@{#1052}),platform=Windows NT 10.0.19045 x86_64)
    at getResponseForW3CError (C:\Users\dothmen\AppData\Local\Programs\Appium\resources\app\node_modules\appium\node_modules\appium-base-driver\lib\protocol\errors.js:826:9)
    at asyncHandler$ (C:\Users\dothmen\AppData\Local\Programs\Appium\resources\app\node_modules\appium\node_modules\appium-base-driver\lib\protocol\protocol.js:404:37)
    at tryCatch (C:\Users\dothmen\AppData\Local\Programs\Appium\resources\app\node_modules\appium\node_modules\babel-runtime\regenerator\runtime.js:67:40)
    at GeneratorFunctionPrototype.invoke [as _invoke] (C:\Users\dothmen\AppData\Local\Programs\Appium\resources\app\node_modules\appium\node_modules\babel-runtime\regenerator\runtime.js:315:22)
    at GeneratorFunctionPrototype.prototype.(anonymous function) [as next] (C:\Users\dothmen\AppData\Local\Programs\Appium\resources\app\node_modules\appium\node_modules\babel-runtime\regenerator\runtime.js:100:21)
    at GeneratorFunctionPrototype.invoke (C:\Users\dothmen\AppData\Local\Programs\Appium\resources\app\node_modules\appium\node_modules\babel-runtime\regenerator\runtime.js:136:37)
    at run (C:\Users\dothmen\AppData\Local\Programs\Appium\resources\app\webpack:\~\babel-polyfill\~\core-js\modules\es6.promise.js:75:1)
    at C:\Users\dothmen\AppData\Local\Programs\Appium\resources\app\webpack:\~\babel-polyfill\~\core-js\modules\es6.promise.js:92:1
    at flush (C:\Users\dothmen\AppData\Local\Programs\Appium\resources\app\webpack:\~\babel-polyfill\~\core-js\modules\_microtask.js:18:1)
    at process._tickCallback (internal/process/next_tick.js:61:11)
at java.base/jdk.internal.reflect.DirectConstructorHandleAccessor.newInstance(DirectConstructorHandleAccessor.java:62)
at java.base/java.lang.reflect.Constructor.newInstanceWithCaller(Constructor.java:502)
at java.base/java.lang.reflect.Constructor.newInstance(Constructor.java:486)
at org.openqa.selenium.remote.W3CHandshakeResponse.lambda$errorHandler$0(W3CHandshakeResponse.java:62)
at org.openqa.selenium.remote.HandshakeResponse.lambda$getResponseFunction$0(HandshakeResponse.java:30)
at org.openqa.selenium.remote.ProtocolHandshake.lambda$createSession$0(ProtocolHandshake.java:126)
at java.base/java.util.stream.ReferencePipeline$3$1.accept(ReferencePipeline.java:197)
at java.base/java.util.Spliterators$ArraySpliterator.tryAdvance(Spliterators.java:1034)
at java.base/java.util.stream.ReferencePipeline.forEachWithCancel(ReferencePipeline.java:129)
at java.base/java.util.stream.AbstractPipeline.copyIntoWithCancel(AbstractPipeline.java:527)
at java.base/java.util.stream.AbstractPipeline.copyInto(AbstractPipeline.java:513)
at java.base/java.util.stream.AbstractPipeline.wrapAndCopyInto(AbstractPipeline.java:499)
at java.base/java.util.stream.FindOps$FindOp.evaluateSequential(FindOps.java:150)
at java.base/java.util.stream.AbstractPipeline.evaluate(AbstractPipeline.java:234)
at java.base/java.util.stream.ReferencePipeline.findFirst(ReferencePipeline.java:647)
at org.openqa.selenium.remote.ProtocolHandshake.createSession(ProtocolHandshake.java:128)
at java.base/jdk.internal.reflect.DirectMethodHandleAccessor.invoke(DirectMethodHandleAccessor.java:103)
... 42 more
]]>
            </full-stacktrace>
          </exception> <!-- org.openqa.selenium.SessionNotCreatedException -->
          <reporter-output>
          </reporter-output>
        </test-method> <!-- OpenWebApplication -->
      </class> <!-- my.RunWebApplication -->
    </test> <!-- Default test -->
  </suite> <!-- Default suite -->
</testng-results>
